{"/Users/edsonluizfragnan/Desktop/novo_projeto_itau/web_scraping/app.js":{"path":"/Users/edsonluizfragnan/Desktop/novo_projeto_itau/web_scraping/app.js","s":{"1":1,"2":1,"3":1},"b":{},"f":{},"fnMap":{},"statementMap":{"1":{"start":{"line":3,"column":0},"end":{"line":5,"column":22}},"2":{"start":{"line":7,"column":0},"end":{"line":11,"column":13}},"3":{"start":{"line":13,"column":0},"end":{"line":13,"column":21}}},"branchMap":{}},"/Users/edsonluizfragnan/Desktop/novo_projeto_itau/web_scraping/config/infra.js":{"path":"/Users/edsonluizfragnan/Desktop/novo_projeto_itau/web_scraping/config/infra.js","s":{"1":1,"2":1,"3":1,"4":1,"5":1,"6":1},"b":{"1":[1,1]},"f":{},"fnMap":{},"statementMap":{"1":{"start":{"line":3,"column":0},"end":{"line":11,"column":1}},"2":{"start":{"line":4,"column":4},"end":{"line":4,"column":44}},"3":{"start":{"line":5,"column":4},"end":{"line":5,"column":47}},"4":{"start":{"line":7,"column":4},"end":{"line":7,"column":32}},"5":{"start":{"line":8,"column":4},"end":{"line":10,"column":7}},"6":{"start":{"line":9,"column":8},"end":{"line":9,"column":69}}},"branchMap":{"1":{"line":4,"type":"binary-expr","locations":[{"start":{"line":4,"column":19},"end":{"line":4,"column":35}},{"start":{"line":4,"column":39},"end":{"line":4,"column":43}}]}}},"/Users/edsonluizfragnan/Desktop/novo_projeto_itau/web_scraping/config/logger.js":{"path":"/Users/edsonluizfragnan/Desktop/novo_projeto_itau/web_scraping/config/logger.js","s":{"1":1,"2":1,"3":1,"4":0,"5":1},"b":{"1":[0,1]},"f":{},"fnMap":{},"statementMap":{"1":{"start":{"line":3,"column":0},"end":{"line":3,"column":35}},"2":{"start":{"line":4,"column":0},"end":{"line":4,"column":25}},"3":{"start":{"line":6,"column":0},"end":{"line":8,"column":1}},"4":{"start":{"line":7,"column":2},"end":{"line":7,"column":23}},"5":{"start":{"line":10,"column":0},"end":{"line":18,"column":4}}},"branchMap":{"1":{"line":6,"type":"if","locations":[{"start":{"line":6,"column":0},"end":{"line":6,"column":0}},{"start":{"line":6,"column":0},"end":{"line":6,"column":0}}]}}},"/Users/edsonluizfragnan/Desktop/novo_projeto_itau/web_scraping/presentation/index.js":{"path":"/Users/edsonluizfragnan/Desktop/novo_projeto_itau/web_scraping/presentation/index.js","s":{"1":1,"2":1,"3":1,"4":1,"5":0,"6":0,"7":1,"8":0,"9":0,"10":1,"11":1,"12":1,"13":1,"14":1,"15":1,"16":1,"17":1,"18":1,"19":1,"20":1},"b":{},"f":{"1":1,"2":1,"3":1,"4":1,"5":1},"fnMap":{"1":{"name":"(anonymous_1)","line":20,"loc":{"start":{"line":20,"column":15},"end":{"line":20,"column":33}}},"2":{"name":"(anonymous_2)","line":24,"loc":{"start":{"line":24,"column":16},"end":{"line":24,"column":34}}},"3":{"name":"(anonymous_3)","line":28,"loc":{"start":{"line":28,"column":18},"end":{"line":28,"column":36}}},"4":{"name":"(anonymous_4)","line":32,"loc":{"start":{"line":32,"column":15},"end":{"line":32,"column":33}}},"5":{"name":"(anonymous_5)","line":36,"loc":{"start":{"line":36,"column":17},"end":{"line":36,"column":35}}}},"statementMap":{"1":{"start":{"line":3,"column":0},"end":{"line":40,"column":2}},"2":{"start":{"line":4,"column":2},"end":{"line":4,"column":37}},"3":{"start":{"line":5,"column":2},"end":{"line":5,"column":48}},"4":{"start":{"line":7,"column":2},"end":{"line":10,"column":5}},"5":{"start":{"line":8,"column":4},"end":{"line":8,"column":43}},"6":{"start":{"line":9,"column":4},"end":{"line":9,"column":46}},"7":{"start":{"line":12,"column":2},"end":{"line":15,"column":5}},"8":{"start":{"line":13,"column":4},"end":{"line":13,"column":51}},"9":{"start":{"line":14,"column":4},"end":{"line":14,"column":42}},"10":{"start":{"line":18,"column":2},"end":{"line":18,"column":37}},"11":{"start":{"line":20,"column":2},"end":{"line":22,"column":5}},"12":{"start":{"line":21,"column":4},"end":{"line":21,"column":45}},"13":{"start":{"line":24,"column":2},"end":{"line":26,"column":5}},"14":{"start":{"line":25,"column":4},"end":{"line":25,"column":45}},"15":{"start":{"line":28,"column":2},"end":{"line":30,"column":5}},"16":{"start":{"line":29,"column":4},"end":{"line":29,"column":45}},"17":{"start":{"line":32,"column":2},"end":{"line":34,"column":5}},"18":{"start":{"line":33,"column":4},"end":{"line":33,"column":45}},"19":{"start":{"line":36,"column":2},"end":{"line":38,"column":5}},"20":{"start":{"line":37,"column":4},"end":{"line":37,"column":45}}},"branchMap":{}}}