TN:
SF:/Users/edsonluizfragnan/Desktop/itau_desafio/web_scraping/app.js
FNF:0
FNH:0
DA:3,1
DA:7,1
DA:13,1
LF:3
LH:3
BRF:0
BRH:0
end_of_record
TN:
SF:/Users/edsonluizfragnan/Desktop/itau_desafio/web_scraping/config/db.js
FNF:0
FNH:0
DA:3,1
LF:1
LH:1
BRF:0
BRH:0
end_of_record
TN:
SF:/Users/edsonluizfragnan/Desktop/itau_desafio/web_scraping/config/infra.js
FNF:0
FNH:0
DA:3,1
DA:4,1
DA:5,1
DA:7,1
DA:8,1
DA:9,1
LF:6
LH:6
BRDA:4,1,0,1
BRDA:4,1,1,1
BRF:2
BRH:2
end_of_record
TN:
SF:/Users/edsonluizfragnan/Desktop/itau_desafio/web_scraping/routes/index.js
FN:17,(anonymous_1)
FN:21,(anonymous_2)
FN:25,(anonymous_3)
FN:29,(anonymous_4)
FN:33,(anonymous_5)
FNF:5
FNH:5
FNDA:1,(anonymous_1)
FNDA:1,(anonymous_2)
FNDA:1,(anonymous_3)
FNDA:1,(anonymous_4)
FNDA:1,(anonymous_5)
DA:3,1
DA:4,1
DA:6,1
DA:7,0
DA:10,1
DA:11,0
DA:15,1
DA:17,1
DA:18,1
DA:21,1
DA:22,1
DA:25,1
DA:26,1
DA:29,1
DA:30,1
DA:33,1
DA:34,1
LF:17
LH:15
BRF:0
BRH:0
end_of_record
TN:
SF:/Users/edsonluizfragnan/Desktop/itau_desafio/web_scraping/log/logger.js
FNF:0
FNH:0
DA:3,1
DA:4,1
DA:6,1
DA:7,0
DA:10,1
LF:5
LH:4
BRDA:6,1,0,0
BRDA:6,1,1,1
BRF:2
BRH:1
end_of_record
